WARNING: This is a development server. Do not use it in a production deployment. Use a production WSGI server instead.
 * Running on all addresses (0.0.0.0)
 * Running on http://127.0.0.1:5000
 * Running on http://10.207.95.226:5000
Press CTRL+C to quit
 * Restarting with stat
 * Debugger is active!
 * Debugger PIN: 114-611-309
127.0.0.1 - - [04/Apr/2026 23:04:05] "POST /api/auth/patient/request-otp HTTP/1.1" 500 -
Traceback (most recent call last):
  File "C:\Users\Ayesha\AppData\Local\Programs\Python\Python313\Lib\site-packages\mysql\connector\network.py", line 758, in open_connection
    self.sock.connect(sockaddr)
    ~~~~~~~~~~~~~~~~~^^^^^^^^^^
ConnectionRefusedError: [WinError 10061] No connection could be made because the target machine actively refused it

The above exception was the direct cause of the following exception:

Traceback (most recent call last):
  File "C:\Users\Ayesha\AppData\Local\Programs\Python\Python313\Lib\site-packages\flask\app.py", line 1498, in __call__
    return self.wsgi_app(environ, start_response)
           ~~~~~~~~~~~~~^^^^^^^^^^^^^^^^^^^^^^^^^
  File "C:\Users\Ayesha\AppData\Local\Programs\Python\Python313\Lib\site-packages\flask\app.py", line 1476, in wsgi_app
    response = self.handle_exception(e)
  File "C:\Users\Ayesha\AppData\Local\Programs\Python\Python313\Lib\site-packages\flask_cors\extension.py", line 178, in wrapped_function
    return cors_after_request(app.make_response(f(*args, **kwargs)))
                                                ~^^^^^^^^^^^^^^^^^
  File "C:\Users\Ayesha\AppData\Local\Programs\Python\Python313\Lib\site-packages\flask\app.py", line 1473, in wsgi_app
    response = self.full_dispatch_request()
  File "C:\Users\Ayesha\AppData\Local\Programs\Python\Python313\Lib\site-packages\flask\app.py", line 882, in full_dispatch_request
    rv = self.handle_user_exception(e)
  File "C:\Users\Ayesha\AppData\Local\Programs\Python\Python313\Lib\site-packages\flask_cors\extension.py", line 178, in wrapped_function
    return cors_after_request(app.make_response(f(*args, **kwargs)))
                                                ~^^^^^^^^^^^^^^^^^
  File "C:\Users\Ayesha\AppData\Local\Programs\Python\Python313\Lib\site-packages\flask\app.py", line 880, in full_dispatch_request
    rv = self.dispatch_request()
  File "C:\Users\Ayesha\AppData\Local\Programs\Python\Python313\Lib\site-packages\flask\app.py", line 865, in dispatch_request
    return self.ensure_sync(self.view_functions[rule.endpoint])(**view_args)  # type: ignore[no-any-return]
           ~~~~~~~~~~~~~~~~~~~~~~~~~~~~~~~~~~~~~~~~~~~~~~~~~~~~^^^^^^^^^^^^^
  File "C:\Users\Ayesha\Desktop\PANCHKARMA\my project\app.py", line 777, in patient_request_otp
    return request_login_otp("patient")
  File "C:\Users\Ayesha\Desktop\PANCHKARMA\my project\app.py", line 424, in request_login_otp
    user = get_user_record_by_email(user_type, email)
  File "C:\Users\Ayesha\Desktop\PANCHKARMA\my project\app.py", line 369, in get_user_record_by_email
    return fetch_one(
    
  File "C:\Users\Ayesha\Desktop\PANCHKARMA\my project\app.py", line 149, in fetch_one
    conn = get_db_connection()
  File "C:\Users\Ayesha\Desktop\PANCHKARMA\my project\app.py", line 123, in get_db_connection
    return mysql.connector.connect(**DB_CONFIG)
           ~~~~~~~~~~~~~~~~~~~~~~~^^^^^^^^^^^^^
  File "C:\Users\Ayesha\AppData\Local\Programs\Python\Python313\Lib\site-packages\mysql\connector\pooling.py", line 323, in connect
    return MySQLConnection(*args, **kwargs)
  File "C:\Users\Ayesha\AppData\Local\Programs\Python\Python313\Lib\site-packages\mysql\connector\connection.py", line 179, in __init__
    self.connect(**kwargs)
    ~~~~~~~~~~~~^^^^^^^^^^
  File "C:\Users\Ayesha\AppData\Local\Programs\Python\Python313\Lib\site-packages\mysql\connector\abstracts.py", line 1399, in connect
    self._open_connection()
    ~~~~~~~~~~~~~~~~~~~~~^^
  File "C:\Users\Ayesha\AppData\Local\Programs\Python\Python313\Lib\site-packages\mysql\connector\connection.py", line 357, in _open_connection
    self._socket.open_connection()
    ~~~~~~~~~~~~~~~~~~~~~~~~~~~~^^
  File "C:\Users\Ayesha\AppData\Local\Programs\Python\Python313\Lib\site-packages\mysql\connector\network.py", line 760, in open_connection
    raise InterfaceError(
    ^^^^^^^^^^
mysql.connector.errors.InterfaceError: 2003: Can't connect to MySQL server on '127.0.0.1:3306' (10061 No connection could be made because the target machine actively refused it)
